  [1m[36m (8.5ms)[0m  [1mCREATE TABLE "schema_migrations" ("version" varchar NOT NULL) [0m
  [1m[35m (0.1ms)[0m  select sqlite_version(*)
  [1m[36m (5.1ms)[0m  [1mCREATE UNIQUE INDEX "unique_schema_migrations" ON "schema_migrations" ("version")[0m
  [1m[35mActiveRecord::SchemaMigration Load (1.3ms)[0m  SELECT "schema_migrations".* FROM "schema_migrations"
Migrating to CreateTables (20160802173415)
  [1m[36m (0.1ms)[0m  [1mbegin transaction[0m
  [1m[35m (2.5ms)[0m  CREATE TABLE "businesses" ("id" INTEGER PRIMARY KEY AUTOINCREMENT NOT NULL, "name" varchar) 
  [1m[36m (0.2ms)[0m  [1mCREATE TABLE "users" ("id" INTEGER PRIMARY KEY AUTOINCREMENT NOT NULL, "name" varchar) [0m
  [1m[35m (0.2ms)[0m  CREATE TABLE "products" ("id" INTEGER PRIMARY KEY AUTOINCREMENT NOT NULL, "name" varchar) 
  [1m[36mSQL (0.2ms)[0m  [1mINSERT INTO "schema_migrations" ("version") VALUES (?)[0m  [["version", "20160802173415"]]
  [1m[35m (4.2ms)[0m  commit transaction
  [1m[36mActiveRecord::SchemaMigration Load (1.6ms)[0m  [1mSELECT "schema_migrations".* FROM "schema_migrations"[0m
  [1m[36mEasyRps::Rps Load (1.7ms)[0m  [1mSELECT  "rps".* FROM "rps"  ORDER BY "rps"."id" DESC LIMIT 1[0m
  [1m[36mEasyRps::Rps Load (2.1ms)[0m  [1mSELECT  "rps".* FROM "rps"  ORDER BY "rps"."id" DESC LIMIT 1[0m
  [1m[36mEasyRps::Rps Load (1.8ms)[0m  [1mSELECT  "rps".* FROM "rps"  ORDER BY "rps"."id" DESC LIMIT 1[0m
  [1m[35mUser Load (2.0ms)[0m  SELECT "users".* FROM "users"
  [1m[36m (5.1ms)[0m  [1mCREATE TABLE "schema_migrations" ("version" varchar NOT NULL) [0m
  [1m[35m (0.1ms)[0m  select sqlite_version(*)
  [1m[36m (4.6ms)[0m  [1mCREATE UNIQUE INDEX "unique_schema_migrations" ON "schema_migrations" ("version")[0m
  [1m[35mActiveRecord::SchemaMigration Load (1.3ms)[0m  SELECT "schema_migrations".* FROM "schema_migrations"
Migrating to CreateTables (20160802173415)
  [1m[36m (0.2ms)[0m  [1mbegin transaction[0m
  [1m[35m (2.4ms)[0m  CREATE TABLE "businesses" ("id" INTEGER PRIMARY KEY AUTOINCREMENT NOT NULL, "municipal_inscription" varchar, "name" varchar, "city" varchar, "state" varchar) 
  [1m[36m (0.2ms)[0m  [1mCREATE TABLE "users" ("id" INTEGER PRIMARY KEY AUTOINCREMENT NOT NULL, "name" varchar, "cpf" varchar) [0m
  [1m[35m (0.2ms)[0m  CREATE TABLE "sales" ("id" INTEGER PRIMARY KEY AUTOINCREMENT NOT NULL, "service_id" integer, "user_id" integer, "amount" decimal(8,2), "rps_item_id" integer, "created_at" datetime NOT NULL, "updated_at" datetime NOT NULL) 
  [1m[36m (0.2ms)[0m  [1mCREATE TABLE "services" ("id" INTEGER PRIMARY KEY AUTOINCREMENT NOT NULL, "name" varchar, "service_code" varchar) [0m
  [1m[35m (0.2ms)[0m  CREATE TABLE "rps" ("id" INTEGER PRIMARY KEY AUTOINCREMENT NOT NULL, "first_item_id" integer, "last_item_id" integer, "issuer_type" varchar, "issuer_id" integer, "start_date" date, "end_date" date, "printed_text" text, "created_at" datetime NOT NULL, "updated_at" datetime NOT NULL) 
  [1m[36mSQL (0.1ms)[0m  [1mINSERT INTO "schema_migrations" ("version") VALUES (?)[0m  [["version", "20160802173415"]]
  [1m[35m (4.4ms)[0m  commit transaction
  [1m[36mActiveRecord::SchemaMigration Load (2.6ms)[0m  [1mSELECT "schema_migrations".* FROM "schema_migrations"[0m
  [1m[36mEasyRps::Rps Load (2.1ms)[0m  [1mSELECT  "rps".* FROM "rps"  ORDER BY "rps"."id" DESC LIMIT 1[0m
  [1m[36mEasyRps::Rps Load (1.9ms)[0m  [1mSELECT  "rps".* FROM "rps"  ORDER BY "rps"."id" DESC LIMIT 1[0m
